#
# A fatal error has been detected by the Java Runtime Environment:
#
#  EXCEPTION_ACCESS_VIOLATION (0xc0000005) at pc=0x0000000068bcc966, pid=1340, tid=0x0000000000001cb4
#
# JRE version: OpenJDK Runtime Environment (8.0_152-b01) (build 1.8.0_152-release-915-b01)
# Java VM: OpenJDK 64-Bit Server VM (25.152-b01 mixed mode windows-amd64 compressed oops)
# Problematic frame:
# V  [jvm.dll+0x46c966]
#
# Failed to write core dump. Minidumps are not enabled by default on client versions of Windows
#
# If you would like to submit a bug report, please visit:
#   http://bugreport.java.com/bugreport/crash.jsp
#

---------------  T H R E A D  ---------------

Current thread (0x00000000183ca000):  JavaThread "C2 CompilerThread0" daemon [_thread_in_native, id=7348, stack(0x0000000018b90000,0x0000000018c90000)]

siginfo: ExceptionCode=0xc0000005, reading address 0x00000000000000a0

Registers:
RAX=0x00000000183ca000, RBX=0x0000000018c8eb80, RCX=0x0000000000000007, RDX=0x0000000000000006
RSP=0x0000000018c8c300, RBP=0x0000000000020280, RSI=0x000000001e1ddf90, RDI=0x0000000000000006
R8 =0x00000000000000a0, R9 =0x0000000068f24070, R10=0x0000000018c8c4d0, R11=0x0000000018c8c390
R12=0x0000000020384ec0, R13=0x0000000018c8c7c0, R14=0x0000000068760000, R15=0x0000000068f24070
RIP=0x0000000068bcc966, EFLAGS=0x0000000000010206

Top of Stack: (sp=0x0000000018c8c300)
0x0000000018c8c300:   000000001e241e70 0000000000000000
0x0000000018c8c310:   000000001ebfdac0 000000006880861a
0x0000000018c8c320:   000000001e1ddf90 0000000068bc84fa
0x0000000018c8c330:   0000000000000006 0000000000000498
0x0000000018c8c340:   0000000000020280 0000000000000498
0x0000000018c8c350:   0000000800b7b515 0000000000000001
0x0000000018c8c360:   000000001f979280 0000000000000001
0x0000000018c8c370:   0000000020060750 000000000000000f
0x0000000018c8c380:   0000000020060740 0000000068bcc940
0x0000000018c8c390:   0000000018c8c7c0 0000000000000498
0x0000000018c8c3a0:   0000000068f24070 0000000000000010
0x0000000018c8c3b0:   000000001a0bfae0 0000000068bc8a03
0x0000000018c8c3c0:   0000000000000001 0000000000000018
0x0000000018c8c3d0:   0000000020060740 000000001da351d8
0x0000000018c8c3e0:   0000000000000004 0000000000001048
0x0000000018c8c3f0:   0000000020060740 000000001ebd0d00 

Instructions: (pc=0x0000000068bcc966)
0x0000000068bcc946:   00 49 8b 98 88 00 00 00 4c 8b 83 f0 07 00 00 4d
0x0000000068bcc956:   85 c0 75 0c e8 e1 fe ff ff 4c 8b 83 f0 07 00 00
0x0000000068bcc966:   49 8b 00 48 8b d7 48 89 83 f0 07 00 00 48 8b 5c
0x0000000068bcc976:   24 30 33 c0 49 89 00 49 89 40 08 49 89 40 10 49 


Register to memory mapping:

RAX=0x00000000183ca000 is a thread
RBX=0x0000000018c8eb80 is pointing into the stack for thread: 0x00000000183ca000
RCX=0x0000000000000007 is an unknown value
RDX=0x0000000000000006 is an unknown value
RSP=0x0000000018c8c300 is pointing into the stack for thread: 0x00000000183ca000
RBP=0x0000000000020280 is an unknown value
RSI=0x000000001e1ddf90 is an unknown value
RDI=0x0000000000000006 is an unknown value
R8 =0x00000000000000a0 is an unknown value
R9 =0x0000000068f24070 is an unknown value
R10=0x0000000018c8c4d0 is pointing into the stack for thread: 0x00000000183ca000
R11=0x0000000018c8c390 is pointing into the stack for thread: 0x00000000183ca000
R12=0x0000000020384ec0 is an unknown value
R13=0x0000000018c8c7c0 is pointing into the stack for thread: 0x00000000183ca000
R14=0x0000000068760000 is an unknown value
R15=0x0000000068f24070 is an unknown value


Stack: [0x0000000018b90000,0x0000000018c90000],  sp=0x0000000018c8c300,  free space=1008k
Native frames: (J=compiled Java code, j=interpreted, Vv=VM code, C=native code)
V  [jvm.dll+0x46c966]
V  [jvm.dll+0x4684fa]
V  [jvm.dll+0x468a03]
V  [jvm.dll+0x43425a]
V  [jvm.dll+0x43f19b]
V  [jvm.dll+0x441a6e]
V  [jvm.dll+0x424b32]
V  [jvm.dll+0x80fa9]
V  [jvm.dll+0x818df]
V  [jvm.dll+0x21d06f]
V  [jvm.dll+0x26d4aa]
C  [msvcr100.dll+0x21d9f]
C  [msvcr100.dll+0x21e3b]
C  [KERNEL32.DLL+0x13034]
C  [ntdll.dll+0x71551]


Current CompileTask:
C2:   4703 2032       4       groovy.lang.MetaClassImpl$1MOPIter::methodNameAction (479 bytes)


---------------  P R O C E S S  ---------------

Java Threads: ( => current thread )
  0x000000001d412800 JavaThread "Cache worker for Artifact transforms cache (C:\Users\Adriana\.gradle\caches\transforms-1)" [_thread_blocked, id=7104, stack(0x0000000020c90000,0x0000000020d90000)]
  0x000000001a1f1000 JavaThread "Cache worker for file hash cache (E:\anul4\Android Scholarship\MusicalApp\.gradle\4.1\fileHashes)" [_thread_blocked, id=5492, stack(0x000000001cee0000,0x000000001cfe0000)]
  0x000000001a51f800 JavaThread "File lock request listener" [_thread_in_native, id=17836, stack(0x000000001cbe0000,0x000000001cce0000)]
  0x000000001a52c800 JavaThread "Cache worker for file hash cache (C:\Users\Adriana\.gradle\caches\4.1\fileHashes)" [_thread_blocked, id=22772, stack(0x000000001cae0000,0x000000001cbe0000)]
  0x000000001a1f2800 JavaThread "Stdin handler" [_thread_blocked, id=13064, stack(0x000000001c9e0000,0x000000001cae0000)]
  0x000000001a1f2000 JavaThread "Asynchronous log dispatcher for DefaultDaemonConnection: socket connection from /127.0.0.1:58555 to /127.0.0.1:58556" [_thread_blocked, id=16788, stack(0x000000001c7e0000,0x000000001c8e0000)]
  0x000000001a1ef000 JavaThread "Daemon worker" [_thread_in_vm, id=3508, stack(0x000000001c6e0000,0x000000001c7e0000)]
  0x000000001a1f6000 JavaThread "Cancel handler" [_thread_blocked, id=19368, stack(0x000000001c5e0000,0x000000001c6e0000)]
  0x000000001a8d2000 JavaThread "Handler for socket connection from /127.0.0.1:58555 to /127.0.0.1:58556" [_thread_in_native, id=19504, stack(0x000000001c2e0000,0x000000001c3e0000)]
  0x000000001a0e9000 JavaThread "Daemon" [_thread_blocked, id=376, stack(0x000000001c1e0000,0x000000001c2e0000)]
  0x0000000019f54000 JavaThread "Daemon periodic checks" [_thread_blocked, id=1968, stack(0x000000001c0e0000,0x000000001c1e0000)]
  0x000000001a807000 JavaThread "Incoming local TCP Connector on port 58555" [_thread_in_native, id=7216, stack(0x000000001a960000,0x000000001aa60000)]
  0x0000000018454000 JavaThread "Service Thread" daemon [_thread_blocked, id=23952, stack(0x0000000018f90000,0x0000000019090000)]
  0x00000000183d9800 JavaThread "C1 CompilerThread3" daemon [_thread_in_native, id=18296, stack(0x0000000018e90000,0x0000000018f90000)]
  0x00000000164b9000 JavaThread "C2 CompilerThread2" daemon [_thread_blocked, id=20388, stack(0x0000000018d90000,0x0000000018e90000)]
  0x00000000183d1000 JavaThread "C2 CompilerThread1" daemon [_thread_blocked, id=12752, stack(0x0000000018c90000,0x0000000018d90000)]
=>0x00000000183ca000 JavaThread "C2 CompilerThread0" daemon [_thread_in_native, id=7348, stack(0x0000000018b90000,0x0000000018c90000)]
  0x00000000183c9000 JavaThread "Attach Listener" daemon [_thread_blocked, id=16548, stack(0x0000000018a90000,0x0000000018b90000)]
  0x00000000183c7800 JavaThread "Signal Dispatcher" daemon [_thread_blocked, id=2064, stack(0x0000000018990000,0x0000000018a90000)]
  0x00000000026ee800 JavaThread "Finalizer" daemon [_thread_blocked, id=13412, stack(0x00000000187a0000,0x00000000188a0000)]
  0x00000000164ab800 JavaThread "Reference Handler" daemon [_thread_blocked, id=9436, stack(0x00000000182a0000,0x00000000183a0000)]
  0x000000000061e000 JavaThread "main" [_thread_blocked, id=9024, stack(0x0000000002420000,0x0000000002520000)]

Other Threads:
  0x00000000164a5800 VMThread [stack: 0x00000000181a0000,0x00000000182a0000] [id=13528]
  0x0000000018455000 WatcherThread [stack: 0x0000000019090000,0x0000000019190000] [id=26932]

VM state:not at safepoint (normal execution)

VM Mutex/Monitor currently owned by a thread: None

Heap:
 PSYoungGen      total 71680K, used 29234K [0x00000000e0000000, 0x00000000e7280000, 0x0000000100000000)
  eden space 66560K, 36% used [0x00000000e0000000,0x00000000e178d580,0x00000000e4100000)
  from space 5120K, 99% used [0x00000000e4100000,0x00000000e45ff438,0x00000000e4600000)
  to   space 10240K, 0% used [0x00000000e6880000,0x00000000e6880000,0x00000000e7280000)
 ParOldGen       total 65024K, used 10610K [0x00000000a0000000, 0x00000000a3f80000, 0x00000000e0000000)
  object space 65024K, 16% used [0x00000000a0000000,0x00000000a0a5ca48,0x00000000a3f80000)
 Metaspace       used 27699K, capacity 28374K, committed 28672K, reserved 1073152K
  class space    used 3836K, capacity 4081K, committed 4096K, reserved 1048576K

Card table byte_map: [0x0000000011ab0000,0x0000000011dc0000] byte_map_base: 0x00000000115b0000

Marking Bits: (ParMarkBitMap*) 0x0000000068f23950
 Begin Bits: [0x00000000127c0000, 0x0000000013fc0000)
 End Bits:   [0x0000000013fc0000, 0x00000000157c0000)

Polling page: 0x0000000000600000

CodeCache: size=245760Kb used=9029Kb max_used=9032Kb free=236730Kb
 bounds [0x00000000026f0000, 0x0000000002fd0000, 0x00000000116f0000]
 total_blobs=2906 nmethods=2259 adapters=560
 compilation: enabled

Compilation events (10 events):
Event: 4.359 Thread 0x00000000183d9800 nmethod 2129 0x0000000002f24a10 code [0x0000000002f24b60, 0x0000000002f24c70]
Event: 4.363 Thread 0x00000000164b9000 nmethod 2128 0x0000000002f22b10 code [0x0000000002f22dc0, 0x0000000002f23368]
Event: 4.368 Thread 0x00000000183d9800 2130       3       sun.nio.cs.UTF_8$Decoder::decodeLoop (28 bytes)
Event: 4.368 Thread 0x00000000183d9800 nmethod 2130 0x0000000002f241d0 code [0x0000000002f24360, 0x0000000002f24898]
Event: 4.369 Thread 0x00000000164b9000 2131       4       com.google.common.io.CountingInputStream::read (33 bytes)
Event: 4.369 Thread 0x00000000164b9000 nmethod 2131 0x0000000002f21290 code [0x0000000002f213e0, 0x0000000002f214c8]
Event: 4.377 Thread 0x00000000183d9800 2132       3       com.google.common.cache.LocalCache::discardingQueue (4 bytes)
Event: 4.377 Thread 0x00000000183d9800 nmethod 2132 0x0000000002f20f90 code [0x0000000002f210e0, 0x0000000002f21210]
Event: 4.377 Thread 0x00000000183d9800 2133       1       com.google.common.cache.CacheBuilder::getStatsCounterSupplier (5 bytes)
Event: 4.377 Thread 0x00000000183d9800 nmethod 2133 0x0000000002f23f10 code [0x0000000002f24060, 0x0000000002f24170]

GC Heap History (10 events):
Event: 1.002 GC heap before
{Heap before GC invocations=1 (full 0):
 PSYoungGen      total 38400K, used 33028K [0x00000000e0000000, 0x00000000e2a80000, 0x0000000100000000)
  eden space 33280K, 99% used [0x00000000e0000000,0x00000000e2041228,0x00000000e2080000)
  from space 5120K, 0% used [0x00000000e2580000,0x00000000e2580000,0x00000000e2a80000)
  to   space 5120K, 0% used [0x00000000e2080000,0x00000000e2080000,0x00000000e2580000)
 ParOldGen       total 87552K, used 0K [0x00000000a0000000, 0x00000000a5580000, 0x00000000e0000000)
  object space 87552K, 0% used [0x00000000a0000000,0x00000000a0000000,0x00000000a5580000)
 Metaspace       used 6578K, capacity 6766K, committed 7040K, reserved 1056768K
  class space    used 799K, capacity 875K, committed 896K, reserved 1048576K
Event: 1.010 GC heap after
Heap after GC invocations=1 (full 0):
 PSYoungGen      total 38400K, used 4264K [0x00000000e0000000, 0x00000000e2a80000, 0x0000000100000000)
  eden space 33280K, 0% used [0x00000000e0000000,0x00000000e0000000,0x00000000e2080000)
  from space 5120K, 83% used [0x00000000e2080000,0x00000000e24aa000,0x00000000e2580000)
  to   space 5120K, 0% used [0x00000000e2580000,0x00000000e2580000,0x00000000e2a80000)
 ParOldGen       total 87552K, used 8K [0x00000000a0000000, 0x00000000a5580000, 0x00000000e0000000)
  object space 87552K, 0% used [0x00000000a0000000,0x00000000a0002000,0x00000000a5580000)
 Metaspace       used 6578K, capacity 6766K, committed 7040K, reserved 1056768K
  class space    used 799K, capacity 875K, committed 896K, reserved 1048576K
}
Event: 2.134 GC heap before
{Heap before GC invocations=2 (full 0):
 PSYoungGen      total 38400K, used 37544K [0x00000000e0000000, 0x00000000e2a80000, 0x0000000100000000)
  eden space 33280K, 100% used [0x00000000e0000000,0x00000000e2080000,0x00000000e2080000)
  from space 5120K, 83% used [0x00000000e2080000,0x00000000e24aa000,0x00000000e2580000)
  to   space 5120K, 0% used [0x00000000e2580000,0x00000000e2580000,0x00000000e2a80000)
 ParOldGen       total 87552K, used 8K [0x00000000a0000000, 0x00000000a5580000, 0x00000000e0000000)
  object space 87552K, 0% used [0x00000000a0000000,0x00000000a0002000,0x00000000a5580000)
 Metaspace       used 12246K, capacity 12640K, committed 12928K, reserved 1060864K
  class space    used 1656K, capacity 1798K, committed 1920K, reserved 1048576K
Event: 2.140 GC heap after
Heap after GC invocations=2 (full 0):
 PSYoungGen      total 38400K, used 5090K [0x00000000e0000000, 0x00000000e2a80000, 0x0000000100000000)
  eden space 33280K, 0% used [0x00000000e0000000,0x00000000e0000000,0x00000000e2080000)
  from space 5120K, 99% used [0x00000000e2580000,0x00000000e2a78a38,0x00000000e2a80000)
  to   space 5120K, 0% used [0x00000000e2080000,0x00000000e2080000,0x00000000e2580000)
 ParOldGen       total 87552K, used 1115K [0x00000000a0000000, 0x00000000a5580000, 0x00000000e0000000)
  object space 87552K, 1% used [0x00000000a0000000,0x00000000a0116d58,0x00000000a5580000)
 Metaspace       used 12246K, capacity 12640K, committed 12928K, reserved 1060864K
  class space    used 1656K, capacity 1798K, committed 1920K, reserved 1048576K
}
Event: 2.485 GC heap before
{Heap before GC invocations=3 (full 0):
 PSYoungGen      total 38400K, used 38370K [0x00000000e0000000, 0x00000000e2a80000, 0x0000000100000000)
  eden space 33280K, 100% used [0x00000000e0000000,0x00000000e2080000,0x00000000e2080000)
  from space 5120K, 99% used [0x00000000e2580000,0x00000000e2a78a38,0x00000000e2a80000)
  to   space 5120K, 0% used [0x00000000e2080000,0x00000000e2080000,0x00000000e2580000)
 ParOldGen       total 87552K, used 1115K [0x00000000a0000000, 0x00000000a5580000, 0x00000000e0000000)
  object space 87552K, 1% used [0x00000000a0000000,0x00000000a0116d58,0x00000000a5580000)
 Metaspace       used 15718K, capacity 16036K, committed 16256K, reserved 1062912K
  class space    used 2219K, capacity 2312K, committed 2432K, reserved 1048576K
Event: 2.493 GC heap after
Heap after GC invocations=3 (full 0):
 PSYoungGen      total 38400K, used 5114K [0x00000000e0000000, 0x00000000e4b00000, 0x0000000100000000)
  eden space 33280K, 0% used [0x00000000e0000000,0x00000000e0000000,0x00000000e2080000)
  from space 5120K, 99% used [0x00000000e2080000,0x00000000e257eb58,0x00000000e2580000)
  to   space 5120K, 0% used [0x00000000e4600000,0x00000000e4600000,0x00000000e4b00000)
 ParOldGen       total 87552K, used 4040K [0x00000000a0000000, 0x00000000a5580000, 0x00000000e0000000)
  object space 87552K, 4% used [0x00000000a0000000,0x00000000a03f2278,0x00000000a5580000)
 Metaspace       used 15718K, capacity 16036K, committed 16256K, reserved 1062912K
  class space    used 2219K, capacity 2312K, committed 2432K, reserved 1048576K
}
Event: 3.201 GC heap before
{Heap before GC invocations=4 (full 0):
 PSYoungGen      total 38400K, used 32842K [0x00000000e0000000, 0x00000000e4b00000, 0x0000000100000000)
  eden space 33280K, 83% used [0x00000000e0000000,0x00000000e1b13f18,0x00000000e2080000)
  from space 5120K, 99% used [0x00000000e2080000,0x00000000e257eb58,0x00000000e2580000)
  to   space 5120K, 0% used [0x00000000e4600000,0x00000000e4600000,0x00000000e4b00000)
 ParOldGen       total 87552K, used 4040K [0x00000000a0000000, 0x00000000a5580000, 0x00000000e0000000)
  object space 87552K, 4% used [0x00000000a0000000,0x00000000a03f2278,0x00000000a5580000)
 Metaspace       used 20731K, capacity 21112K, committed 21248K, reserved 1067008K
  class space    used 2881K, capacity 3035K, committed 3072K, reserved 1048576K
Event: 3.210 GC heap after
Heap after GC invocations=4 (full 0):
 PSYoungGen      total 71680K, used 5092K [0x00000000e0000000, 0x00000000e4b00000, 0x0000000100000000)
  eden space 66560K, 0% used [0x00000000e0000000,0x00000000e0000000,0x00000000e4100000)
  from space 5120K, 99% used [0x00000000e4600000,0x00000000e4af9050,0x00000000e4b00000)
  to   space 5120K, 0% used [0x00000000e4100000,0x00000000e4100000,0x00000000e4600000)
 ParOldGen       total 87552K, used 8143K [0x00000000a0000000, 0x00000000a5580000, 0x00000000e0000000)
  object space 87552K, 9% used [0x00000000a0000000,0x00000000a07f3c00,0x00000000a5580000)
 Metaspace       used 20731K, capacity 21112K, committed 21248K, reserved 1067008K
  class space    used 2881K, capacity 3035K, committed 3072K, reserved 1048576K
}
Event: 3.210 GC heap before
{Heap before GC invocations=5 (full 1):
 PSYoungGen      total 71680K, used 5092K [0x00000000e0000000, 0x00000000e4b00000, 0x0000000100000000)
  eden space 66560K, 0% used [0x00000000e0000000,0x00000000e0000000,0x00000000e4100000)
  from space 5120K, 99% used [0x00000000e4600000,0x00000000e4af9050,0x00000000e4b00000)
  to   space 5120K, 0% used [0x00000000e4100000,0x00000000e4100000,0x00000000e4600000)
 ParOldGen       total 87552K, used 8143K [0x00000000a0000000, 0x00000000a5580000, 0x00000000e0000000)
  object space 87552K, 9% used [0x00000000a0000000,0x00000000a07f3c00,0x00000000a5580000)
 Metaspace       used 20731K, capacity 21112K, committed 21248K, reserved 1067008K
  class space    used 2881K, capacity 3035K, committed 3072K, reserved 1048576K
Event: 3.249 GC heap after
Heap after GC invocations=5 (full 1):
 PSYoungGen      total 71680K, used 0K [0x00000000e0000000, 0x00000000e4b00000, 0x0000000100000000)
  eden space 66560K, 0% used [0x00000000e0000000,0x00000000e0000000,0x00000000e4100000)
  from space 5120K, 0% used [0x00000000e4600000,0x00000000e4600000,0x00000000e4b00000)
  to   space 5120K, 0% used [0x00000000e4100000,0x00000000e4100000,0x00000000e4600000)
 ParOldGen       total 65024K, used 8974K [0x00000000a0000000, 0x00000000a3f80000, 0x00000000e0000000)
  object space 65024K, 13% used [0x00000000a0000000,0x00000000a08c3968,0x00000000a3f80000)
 Metaspace       used 20731K, capacity 21112K, committed 21248K, reserved 1067008K
  class space    used 2881K, capacity 3035K, committed 3072K, reserved 1048576K
}

Deoptimization events (10 events):
Event: 3.007 Thread 0x000000001a1ef000 Uncommon trap: reason=class_check action=maybe_recompile pc=0x0000000002c1f7b8 method=sun.misc.URLClassPath.getResource(Ljava/lang/String;Z)Lsun/misc/Resource; @ 62
Event: 3.249 Thread 0x00000000164ab800 Uncommon trap: reason=unstable_if action=reinterpret pc=0x0000000002bb74b8 method=java.lang.ref.Reference.tryHandlePending(Z)Z @ 104
Event: 3.269 Thread 0x000000001a1ef000 Uncommon trap: reason=class_check action=maybe_recompile pc=0x00000000028b20ac method=sun.misc.URLClassPath.getLoader(I)Lsun/misc/URLClassPath$Loader; @ 239
Event: 3.276 Thread 0x000000001a1ef000 Uncommon trap: reason=class_check action=maybe_recompile pc=0x00000000028b20ac method=sun.misc.URLClassPath.getLoader(I)Lsun/misc/URLClassPath$Loader; @ 239
Event: 3.298 Thread 0x000000001a1ef000 Uncommon trap: reason=class_check action=maybe_recompile pc=0x00000000028b20ac method=sun.misc.URLClassPath.getLoader(I)Lsun/misc/URLClassPath$Loader; @ 239
Event: 3.461 Thread 0x000000001a1ef000 Uncommon trap: reason=class_check action=maybe_recompile pc=0x00000000028bbe6c method=sun.misc.URLClassPath.getLoader(I)Lsun/misc/URLClassPath$Loader; @ 94
Event: 3.666 Thread 0x000000001a1ef000 Uncommon trap: reason=unstable_if action=reinterpret pc=0x0000000002aedda0 method=java.util.HashMap.hash(Ljava/lang/Object;)I @ 1
Event: 3.728 Thread 0x000000001a1ef000 Uncommon trap: reason=unstable_if action=reinterpret pc=0x000000000295c98c method=java.io.WinNTFileSystem.resolve(Ljava/lang/String;Ljava/lang/String;)Ljava/lang/String; @ 49
Event: 3.948 Thread 0x000000001a1ef000 Uncommon trap: reason=unstable_if action=reinterpret pc=0x0000000002ec8644 method=org.objectweb.asm.Type.getDescriptor(Ljava/lang/StringBuilder;Ljava/lang/Class;)V @ 127
Event: 4.291 Thread 0x000000001a1ef000 Uncommon trap: reason=unstable_if action=reinterpret pc=0x0000000002e43a5c method=java.net.URLClassLoader.getAndVerifyPackage(Ljava/lang/String;Ljava/util/jar/Manifest;Ljava/net/URL;)Ljava/lang/Package; @ 62

Classes redefined (0 events):
No events

Internal exceptions (10 events):
Event: 4.317 Thread 0x000000001a1ef000 Exception <a 'java/lang/ClassNotFoundException': groovy/lang/ReferenceBeanInfo> (0x00000000e3de95b0) thrown at [D:\src\AOSP-openjdk-cygwin\jdk8u\hotspot\src\share\vm\classfile\systemDictionary.cpp, line 210]
Event: 4.317 Thread 0x000000001a1ef000 Exception <a 'java/lang/ClassNotFoundException': groovy/lang/ReferenceCustomizer> (0x00000000e3e057a0) thrown at [D:\src\AOSP-openjdk-cygwin\jdk8u\hotspot\src\share\vm\classfile\systemDictionary.cpp, line 210]
Event: 4.319 Thread 0x000000001a1ef000 Exception <a 'java/lang/ClassNotFoundException': org/gradle/util/GradleVersionBeanInfo> (0x00000000e3e39070) thrown at [D:\src\AOSP-openjdk-cygwin\jdk8u\hotspot\src\share\vm\classfile\systemDictionary.cpp, line 210]
Event: 4.319 Thread 0x000000001a1ef000 Exception <a 'java/lang/ClassNotFoundException': org/gradle/util/GradleVersionCustomizer> (0x00000000e3e586c0) thrown at [D:\src\AOSP-openjdk-cygwin\jdk8u\hotspot\src\share\vm\classfile\systemDictionary.cpp, line 210]
Event: 4.324 Thread 0x000000001a1ef000 Exception <a 'java/lang/ClassNotFoundException': java/util/HashSetBeanInfo> (0x00000000e3ec4ed0) thrown at [D:\src\AOSP-openjdk-cygwin\jdk8u\hotspot\src\share\vm\classfile\systemDictionary.cpp, line 210]
Event: 4.324 Thread 0x000000001a1ef000 Exception <a 'java/lang/ClassNotFoundException': java/util/AbstractSetBeanInfo> (0x00000000e3ecb050) thrown at [D:\src\AOSP-openjdk-cygwin\jdk8u\hotspot\src\share\vm\classfile\systemDictionary.cpp, line 210]
Event: 4.324 Thread 0x000000001a1ef000 Exception <a 'java/lang/ClassNotFoundException': java/util/AbstractCollectionBeanInfo> (0x00000000e3ed1518) thrown at [D:\src\AOSP-openjdk-cygwin\jdk8u\hotspot\src\share\vm\classfile\systemDictionary.cpp, line 210]
Event: 4.324 Thread 0x000000001a1ef000 Exception <a 'java/lang/ClassNotFoundException': java/util/AbstractCollectionCustomizer> (0x00000000e3ed7aa0) thrown at [D:\src\AOSP-openjdk-cygwin\jdk8u\hotspot\src\share\vm\classfile\systemDictionary.cpp, line 210]
Event: 4.325 Thread 0x000000001a1ef000 Exception <a 'java/lang/ClassNotFoundException': java/util/AbstractSetCustomizer> (0x00000000e3eea2e8) thrown at [D:\src\AOSP-openjdk-cygwin\jdk8u\hotspot\src\share\vm\classfile\systemDictionary.cpp, line 210]
Event: 4.325 Thread 0x000000001a1ef000 Exception <a 'java/lang/ClassNotFoundException': java/util/HashSetCustomizer> (0x00000000e3ef5b98) thrown at [D:\src\AOSP-openjdk-cygwin\jdk8u\hotspot\src\share\vm\classfile\systemDictionary.cpp, line 210]

Events (10 events):
Event: 4.361 loading class org/gradle/initialization/DefaultProjectDescriptorRegistry
Event: 4.361 loading class org/gradle/initialization/DefaultProjectDescriptorRegistry done
Event: 4.362 loading class org/gradle/internal/scripts/DefaultScriptFileResolver
Event: 4.362 loading class org/gradle/internal/scripts/DefaultScriptFileResolver done
Event: 4.363 loading class org/gradle/configuration/InitialPassSettingScriptTarget
Event: 4.363 loading class org/gradle/configuration/InitialPassSettingScriptTarget done
Event: 4.363 loading class org/gradle/configuration/SettingScriptTarget
Event: 4.363 loading class org/gradle/configuration/SettingScriptTarget done
Event: 4.363 loading class org/gradle/initialization/SettingsScript
Event: 4.363 loading class org/gradle/initialization/SettingsScript done


Dynamic libraries:
0x00007ff6f3210000 - 0x00007ff6f3241000 	C:\Program Files\Android\Android Studio\jre\bin\java.exe
0x00007fff6b300000 - 0x00007fff6b4e1000 	C:\WINDOWS\SYSTEM32\ntdll.dll
0x00007fff69660000 - 0x00007fff69712000 	C:\WINDOWS\System32\KERNEL32.DLL
0x00007fff67de0000 - 0x00007fff68053000 	C:\WINDOWS\System32\KERNELBASE.dll
0x00007fff68960000 - 0x00007fff68a01000 	C:\WINDOWS\System32\ADVAPI32.dll
0x00007fff697d0000 - 0x00007fff6986e000 	C:\WINDOWS\System32\msvcrt.dll
0x00007fff693a0000 - 0x00007fff693fb000 	C:\WINDOWS\System32\sechost.dll
0x00007fff690d0000 - 0x00007fff691f4000 	C:\WINDOWS\System32\RPCRT4.dll
0x00007fff68ae0000 - 0x00007fff68c70000 	C:\WINDOWS\System32\USER32.dll
0x00007fff68250000 - 0x00007fff68270000 	C:\WINDOWS\System32\win32u.dll
0x00007fff68cf0000 - 0x00007fff68d18000 	C:\WINDOWS\System32\GDI32.dll
0x00007fff685f0000 - 0x00007fff68782000 	C:\WINDOWS\System32\gdi32full.dll
0x00007fff68160000 - 0x00007fff681ff000 	C:\WINDOWS\System32\msvcp_win.dll
0x00007fff68060000 - 0x00007fff6815a000 	C:\WINDOWS\System32\ucrtbase.dll
0x00007fff576a0000 - 0x00007fff57909000 	C:\WINDOWS\WinSxS\amd64_microsoft.windows.common-controls_6595b64144ccf1df_6.0.17134.48_none_b4b2216a3cb4dd3e\COMCTL32.dll
0x00007fff68d20000 - 0x00007fff69043000 	C:\WINDOWS\System32\combase.dll
0x00007fff68510000 - 0x00007fff6858a000 	C:\WINDOWS\System32\bcryptPrimitives.dll
0x00007fff68790000 - 0x00007fff687bd000 	C:\WINDOWS\System32\IMM32.DLL
0x0000000068660000 - 0x0000000068732000 	C:\Program Files\Android\Android Studio\jre\jre\bin\msvcr100.dll
0x0000000068760000 - 0x0000000068f9e000 	C:\Program Files\Android\Android Studio\jre\jre\bin\server\jvm.dll
0x00007fff68c70000 - 0x00007fff68c78000 	C:\WINDOWS\System32\PSAPI.DLL
0x00007fff585b0000 - 0x00007fff585b9000 	C:\WINDOWS\SYSTEM32\WSOCK32.dll
0x00007fff64480000 - 0x00007fff644a3000 	C:\WINDOWS\SYSTEM32\WINMM.dll
0x00007fff65580000 - 0x00007fff6558a000 	C:\WINDOWS\SYSTEM32\VERSION.dll
0x00007fff68a10000 - 0x00007fff68a7c000 	C:\WINDOWS\System32\WS2_32.dll
0x00007fff64330000 - 0x00007fff6435a000 	C:\WINDOWS\SYSTEM32\winmmbase.dll
0x00007fff68200000 - 0x00007fff68249000 	C:\WINDOWS\System32\cfgmgr32.dll
0x00007fff5bb40000 - 0x00007fff5bb4f000 	C:\Program Files\Android\Android Studio\jre\jre\bin\verify.dll
0x00007fff59570000 - 0x00007fff59599000 	C:\Program Files\Android\Android Studio\jre\jre\bin\java.dll
0x00007fff55ec0000 - 0x00007fff55ed6000 	C:\Program Files\Android\Android Studio\jre\jre\bin\zip.dll
0x00007fff69d90000 - 0x00007fff6b1d0000 	C:\WINDOWS\System32\SHELL32.dll
0x00007fff69720000 - 0x00007fff697c9000 	C:\WINDOWS\System32\shcore.dll
0x00007fff676d0000 - 0x00007fff67ddd000 	C:\WINDOWS\System32\windows.storage.dll
0x00007fff6b1d0000 - 0x00007fff6b221000 	C:\WINDOWS\System32\shlwapi.dll
0x00007fff67690000 - 0x00007fff676a1000 	C:\WINDOWS\System32\kernel.appcore.dll
0x00007fff67620000 - 0x00007fff6763f000 	C:\WINDOWS\System32\profapi.dll
0x00007fff67640000 - 0x00007fff6768c000 	C:\WINDOWS\System32\powrprof.dll
0x00007fff67610000 - 0x00007fff6761a000 	C:\WINDOWS\System32\FLTLIB.DLL
0x00007fff53d10000 - 0x00007fff53d2a000 	C:\Program Files\Android\Android Studio\jre\jre\bin\net.dll
0x00007fff66b30000 - 0x00007fff66b96000 	C:\WINDOWS\system32\mswsock.dll
0x00007fff4f1c0000 - 0x00007fff4f1d1000 	C:\Program Files\Android\Android Studio\jre\jre\bin\nio.dll
0x00007fff4fff0000 - 0x00007fff5000e000 	C:\Users\Adriana\.gradle\native\25\windows-amd64\native-platform.dll
0x00007fff63810000 - 0x00007fff6381d000 	C:\Program Files\Android\Android Studio\jre\jre\bin\management.dll
0x00007fff67400000 - 0x00007fff67417000 	C:\WINDOWS\SYSTEM32\CRYPTSP.dll
0x00007fff66710000 - 0x00007fff66743000 	C:\WINDOWS\system32\rsaenh.dll
0x00007fff673d0000 - 0x00007fff673f5000 	C:\WINDOWS\SYSTEM32\bcrypt.dll
0x00007fff67510000 - 0x00007fff67538000 	C:\WINDOWS\SYSTEM32\USERENV.dll
0x00007fff66ce0000 - 0x00007fff66ceb000 	C:\WINDOWS\SYSTEM32\CRYPTBASE.dll
0x00007fff668b0000 - 0x00007fff668e8000 	C:\WINDOWS\SYSTEM32\IPHLPAPI.DLL
0x00007fff68c80000 - 0x00007fff68c88000 	C:\WINDOWS\System32\NSI.dll
0x00007fff603c0000 - 0x00007fff603d6000 	C:\WINDOWS\SYSTEM32\dhcpcsvc6.DLL
0x00007fff60d70000 - 0x00007fff60d8a000 	C:\WINDOWS\SYSTEM32\dhcpcsvc.DLL
0x00007fff67200000 - 0x00007fff673c9000 	C:\WINDOWS\SYSTEM32\dbghelp.dll

VM Arguments:
jvm_args: -Xmx1536m -Dfile.encoding=windows-1252 -Duser.country=US -Duser.language=en -Duser.variant 
java_command: org.gradle.launcher.daemon.bootstrap.GradleDaemon 4.1
java_class_path (initial): C:\Users\Adriana\.gradle\wrapper\dists\gradle-4.1-all\bzyivzo6n839fup2jbap0tjew\gradle-4.1\lib\gradle-launcher-4.1.jar
Launcher Type: SUN_STANDARD

Environment Variables:
PATH=C:\ProgramData\Oracle\Java\javapath;C:\Windows\system32;C:\Windows;C:\Windows\System32\Wbem;C:\Windows\System32\WindowsPowerShell\v1.0\;C:\Program Files (x86)\NVIDIA Corporation\PhysX\Common;C:\Program Files (x86)\Skype\Phone\;C:\HashiCorp\Vagrant\bin;C:\Program Files\Java\jdk1.8.0_151\bin;C:\Program Files (x86)\CodeBlocks\MinGW\bin;C:\Program Files (x86)\GnuWin32\bin;C:\Program Files\dotnet\;%SystemRoot%\system32;%SystemRoot%;%SystemRoot%\System32\Wbem;%SYSTEMROOT%\System32\WindowsPowerShell\v1.0\;%SYSTEMROOT%\System32\OpenSSH\;C:\Users\Adriana\AppData\Local\Microsoft\WindowsApps;
USERNAME=Adriana
OS=Windows_NT
PROCESSOR_IDENTIFIER=Intel64 Family 6 Model 142 Stepping 10, GenuineIntel



---------------  S Y S T E M  ---------------

OS: Windows 10.0 , 64 bit Build 17134 (10.0.17134.1)

CPU:total 8 (initial active 8) (4 cores per cpu, 2 threads per core) family 6 model 142 stepping 10, cmov, cx8, fxsr, mmx, sse, sse2, sse3, ssse3, sse4.1, sse4.2, popcnt, avx, avx2, aes, clmul, erms, 3dnowpref, lzcnt, ht, tsc, tscinvbit, bmi1, bmi2, adx

Memory: 4k page, physical 8268684k(4901360k free), swap 17083616k(12231116k free)

vm_info: OpenJDK 64-Bit Server VM (25.152-b01) for windows-amd64 JRE (1.8.0_152-release-915-b01), built by "builder" with MS VC++ 10.0 (VS2010)

time: Thu May 24 14:33:08 2018
elapsed time: 4 seconds (0d 0h 0m 4s)

